Arguments: 
  /snap/node/2743/bin/node /snap/node/2743/bin/yarn.js add gun

PATH: 
  /home/mk/.nvm/versions/node/v14.2.0/bin:/home/linuxbrew/.linuxbrew/bin:/home/linuxbrew/.linuxbrew/sbin:/home/mk/.local/bin:/usr/local/sbin:/usr/local/bin:/usr/sbin:/usr/bin:/sbin:/bin:/usr/games:/usr/local/games:/snap/bin

Yarn version: 
  1.22.4

Node version: 
  15.0.0-nightly20200517b3ca8869a6

Platform: 
  linux x64

Trace: 
  Error: https://registry.yarnpkg.com/@webcomponents/shadycss/-/shadycss-1.9.6.tgz: ESOCKETTIMEDOUT
      at ClientRequest.<anonymous> (/snap/node/2743/lib/cli.js:141375:19)
      at Object.onceWrapper (events.js:421:28)
      at ClientRequest.emit (events.js:315:20)
      at TLSSocket.emitRequestTimeout (_http_client.js:774:9)
      at Object.onceWrapper (events.js:421:28)
      at TLSSocket.emit (events.js:327:22)
      at TLSSocket.Socket._onTimeout (net.js:465:8)
      at listOnTimeout (internal/timers.js:549:17)
      at processTimers (internal/timers.js:492:7)

npm manifest: 
  {
    "name": "pineal-cms",
    "version": "0.2.0",
    "description": "Decentralised content manager",
    "main": "node.js",
    "scripts": {
      "start": "webpack --mode development",
      "browserify": "browserify node_modules.js | uglifyjs > npm_bundle.js",
      "dev": "webpack --mode development --progress -w",
      "start:dev": "webpack-dev-server"
    },
    "keywords": [
      "cms",
      "pineal",
      "social"
    ],
    "dependencies": {
      "@fooloomanzoo/color-picker": "^3.0.2",
      "@fortawesome/fontawesome-free": "^5.12.0",
      "@github/time-elements": "^3.1.0",
      "@webcomponents/webcomponentsjs": "^2.4.1",
      "blockstack": "^18.3.0",
      "browser-ipfs": "0.0.6",
      "color": "^3.1.0",
      "component-emitter": "^1.3.0",
      "dexie": "^2.0.4",
      "dexie-mongoify": "^1.3.0",
      "diacritics": "^1.3.0",
      "extend": "^3.0.2",
      "extract-loader": "^3.1.0",
      "file-dialog": "0.0.7",
      "html-webpack-plugin": "^3.2.0",
      "interactjs": "^1.7.3",
      "ipfs-http-client": "^29.1.0",
      "ipfs-mini": "^1.1.5",
      "jquery": "^3.4.1",
      "jsoneditor": "^5.28.2",
      "lit-element": "^2.2.1",
      "lit-html": "^0.14.0",
      "lodash": "^4.17.11",
      "md5": "^2.2.1",
      "paper-range-slider": "^3.0.0",
      "path-browserify": "^1.0.0",
      "polymer-css-loader": "0.0.1",
      "polymer-icons-extractor": "^1.0.0",
      "polymer-lit": "^0.2.4",
      "pull-file-reader": "^1.0.2",
      "pwa-helpers": "^0.9.1",
      "quill": "^1.3.6",
      "react": "^16.4.2",
      "sugar": "^2.0.6",
      "svg.js": "^2.7.1",
      "time-elements": "^1.2.0",
      "tippy.js": "^4.2.0",
      "tooltip.js": "^1.3.1",
      "url-join": "^4.0.1",
      "video.js": "^7.6.6",
      "videoconverter": "^0.1.0",
      "videojs-markers-plugin": "^1.0.2",
      "videojs-youtube": "^2.6.1",
      "web3": "^1.0.0-beta.37",
      "zangodb": "^1.0.7"
    },
    "author": "MK",
    "license": "ISC",
    "devDependencies": {
      "babel-cli": "^6.26.0",
      "babel-core": "^6.26.3",
      "babel-loader": "^7.1.5",
      "babel-plugin-transform-react-jsx": "^6.24.1",
      "babel-preset-es2015": "^6.24.1",
      "babel-preset-es2016": "^6.24.1",
      "babel-preset-react": "^6.24.1",
      "css-loader": "^2.1.0",
      "polymer-webpack-loader": "^2.0.3",
      "react-dom": "^16.4.2",
      "webpack": "^4.41.5",
      "webpack-cli": "^3.2.1",
      "webpack-dev-server": "^3.10.1"
    }
  }

yarn manifest: 
  No manifest

Lockfile: 
  No lockfile
